2023-06-11T14:37:51+00:00 CRITICAL Uncaught TypeError: ftp_nlist(): Argument #1 ($ftp) must be of type resource, null given in /Applications/XAMPP/xamppfiles/htdocs/wordpress_thangngph13947_1205/wp-admin/includes/class-wp-filesystem-ftpext.php:420
Stack trace:
#0 /Applications/XAMPP/xamppfiles/htdocs/wordpress_thangngph13947_1205/wp-admin/includes/class-wp-filesystem-ftpext.php(420): ftp_nlist(NULL, '/Applications/X...')
#1 /Applications/XAMPP/xamppfiles/htdocs/wordpress_thangngph13947_1205/wp-content/plugins/woocommerce/includes/integrations/maxmind-geolocation/class-wc-integration-maxmind-geolocation.php(182): WP_Filesystem_FTPext->exists('/Applications/X...')
#2 /Applications/XAMPP/xamppfiles/htdocs/wordpress_thangngph13947_1205/wp-includes/class-wp-hook.php(307): WC_Integration_MaxMind_Geolocation->update_database()
#3 /Applications/XAMPP/xamppfiles/htdocs/wordpress_thangngph13947_1205/wp-includes/class-wp-hook.php(331): WP_Hook->apply_filters('', Array)
#4 /Applications/XAMPP/xamppfiles/htdocs/wordpress_thangngph13947_1205/wp-includes/plugin.php(522): WP_Hook->do_action(Array)
#5 /Applications/XAMPP/xamppfiles/htdocs/wordpress_thangngph13947_1205/wp-cron.php(138): do_action_ref_array('woocommerce_geo...', Array)
#6 {main}
  thrown in /Applications/XAMPP/xamppfiles/htdocs/wordpress_thangngph13947_1205/wp-admin/includes/class-wp-filesystem-ftpext.php on line 420

2023-06-11T14:39:39+00:00 CRITICAL Uncaught TypeError: ftp_nlist(): Argument #1 ($ftp) must be of type resource, null given in /Applications/XAMPP/xamppfiles/htdocs/wordpress_thangngph13947_1205/wp-admin/includes/class-wp-filesystem-ftpext.php:420
Stack trace:
#0 /Applications/XAMPP/xamppfiles/htdocs/wordpress_thangngph13947_1205/wp-admin/includes/class-wp-filesystem-ftpext.php(420): ftp_nlist(NULL, '/Applications/X...')
#1 /Applications/XAMPP/xamppfiles/htdocs/wordpress_thangngph13947_1205/wp-content/plugins/woocommerce/includes/integrations/maxmind-geolocation/class-wc-integration-maxmind-geolocation.php(182): WP_Filesystem_FTPext->exists('/Applications/X...')
#2 /Applications/XAMPP/xamppfiles/htdocs/wordpress_thangngph13947_1205/wp-includes/class-wp-hook.php(307): WC_Integration_MaxMind_Geolocation->update_database()
#3 /Applications/XAMPP/xamppfiles/htdocs/wordpress_thangngph13947_1205/wp-includes/class-wp-hook.php(331): WP_Hook->apply_filters('', Array)
#4 /Applications/XAMPP/xamppfiles/htdocs/wordpress_thangngph13947_1205/wp-includes/plugin.php(522): WP_Hook->do_action(Array)
#5 /Applications/XAMPP/xamppfiles/htdocs/wordpress_thangngph13947_1205/wp-cron.php(138): do_action_ref_array('woocommerce_geo...', Array)
#6 {main}
  thrown in /Applications/XAMPP/xamppfiles/htdocs/wordpress_thangngph13947_1205/wp-admin/includes/class-wp-filesystem-ftpext.php on line 420

